TN:
SF:lib/duration.ts
FN:17,parseDurationToMinutes
FN:65,formatDurationFromMinutes
FNF:2
FNH:2
FNDA:36,parseDurationToMinutes
FNDA:17,formatDurationFromMinutes
DA:18,36
DA:19,36
DA:22,34
DA:23,3
DA:24,3
DA:27,31
DA:28,31
DA:31,31
DA:32,31
DA:33,12
DA:34,12
DA:38,31
DA:39,31
DA:40,17
DA:41,17
DA:42,17
DA:46,31
DA:47,23
DA:48,23
DA:51,31
DA:66,17
DA:68,16
DA:69,16
DA:70,16
DA:71,16
DA:73,16
DA:74,16
DA:75,16
DA:76,2
DA:78,16
LF:30
LH:30
BRDA:19,0,0,2
BRDA:19,0,1,34
BRDA:22,1,0,3
BRDA:22,1,1,31
BRDA:24,2,0,2
BRDA:24,2,1,1
BRDA:32,3,0,12
BRDA:32,3,1,19
BRDA:39,4,0,17
BRDA:39,4,1,14
BRDA:41,5,0,8
BRDA:41,5,1,9
BRDA:46,6,0,23
BRDA:46,6,1,8
BRDA:48,7,0,5
BRDA:48,7,1,18
BRDA:51,8,0,29
BRDA:51,8,1,2
BRDA:66,9,0,1
BRDA:66,9,1,16
BRDA:74,10,0,7
BRDA:74,10,1,9
BRDA:74,11,0,4
BRDA:74,11,1,3
BRDA:75,12,0,10
BRDA:75,12,1,6
BRDA:75,13,0,5
BRDA:75,13,1,5
BRDA:75,14,0,2
BRDA:75,14,1,4
BRF:30
BRH:30
end_of_record
TN:
SF:lib/theme-catalog.ts
FN:31,(anonymous_0)
FN:32,(anonymous_1)
FNF:2
FNH:2
FNDA:18,(anonymous_0)
FNDA:55,(anonymous_1)
DA:8,1
DA:30,1
DA:31,18
DA:32,55
DA:35,1
LF:5
LH:5
BRF:0
BRH:0
end_of_record
TN:
SF:lib/tmdb-client.ts
FN:15,sleep
FN:16,(anonymous_1)
FN:19,tmdbFetch
FNF:3
FNH:3
FNDA:2,sleep
FNDA:2,(anonymous_1)
FNDA:6,tmdbFetch
DA:9,1
DA:10,1
DA:11,1
DA:13,1
DA:16,2
DA:24,6
DA:26,6
DA:27,2
DA:28,2
DA:31,4
LF:10
LH:10
BRDA:22,0,0,6
BRDA:26,1,0,2
BRDA:26,1,1,4
BRDA:26,2,0,6
BRDA:26,2,1,3
BRF:5
BRH:5
end_of_record
TN:
SF:lib/tmdb-token.ts
FN:5,getActiveTmdbToken
FNF:1
FNH:1
FNDA:2,getActiveTmdbToken
DA:6,2
LF:1
LH:1
BRDA:6,0,0,2
BRDA:6,0,1,1
BRF:2
BRH:2
end_of_record
TN:
SF:lib/tmdb.ts
FN:12,tmdbPoster
FN:25,tmdbBackdrop
FN:36,tmdbHeaders
FNF:3
FNH:3
FNDA:4,tmdbPoster
FNDA:3,tmdbBackdrop
FNDA:3,tmdbHeaders
DA:1,1
DA:2,1
DA:13,4
DA:14,3
DA:26,3
DA:27,2
DA:37,3
LF:7
LH:7
BRDA:12,0,0,4
BRDA:13,1,0,1
BRDA:13,1,1,3
BRDA:25,2,0,3
BRDA:26,3,0,1
BRDA:26,3,1,2
BRF:6
BRH:6
end_of_record
TN:
SF:lib/voter.ts
FN:16,getVoterId
FNF:1
FNH:1
FNDA:21,getVoterId
DA:1,2
DA:17,21
DA:19,20
DA:20,21
DA:21,21
DA:22,15
DA:23,15
DA:25,20
LF:8
LH:8
BRDA:17,0,0,1
BRDA:17,0,1,20
BRDA:19,1,0,11
BRDA:19,1,1,9
BRDA:21,2,0,15
BRDA:21,2,1,6
BRF:6
BRH:6
end_of_record
